<?xml version="1.0" encoding="UTF-8"?>
<testng-results ignored="0" total="1" passed="1" failed="0" skipped="0">
  <reporter-output>
  </reporter-output>
  <suite started-at="2019-03-29T10:36:08Z" name="Default suite" finished-at="2019-03-29T10:37:03Z" duration-ms="55384">
    <groups>
    </groups>
    <test started-at="2019-03-29T10:36:08Z" name="Default test" finished-at="2019-03-29T10:37:03Z" duration-ms="55384">
      <class name="Qaclickacademyframework.TestCases.PracticePage">
        <test-method is-config="true" signature="openChrome()[pri:0, instance:Qaclickacademyframework.TestCases.PracticePage@f2ff811]" started-at="2019-03-29T10:36:08Z" name="openChrome" finished-at="2019-03-29T10:37:03Z" duration-ms="55161" status="PASS">
          <reporter-output>
          </reporter-output>
        </test-method> <!-- openChrome -->
        <test-method signature="all()[pri:0, instance:Qaclickacademyframework.TestCases.PracticePage@f2ff811]" started-at="2019-03-29T10:37:03Z" name="all" finished-at="2019-03-29T10:37:03Z" duration-ms="93" status="PASS">
          <reporter-output>
          </reporter-output>
        </test-method> <!-- all -->
      </class> <!-- Qaclickacademyframework.TestCases.PracticePage -->
    </test> <!-- Default test -->
  </suite> <!-- Default suite -->
</testng-results>
